<?xml version="1.0" encoding="UTF-8"?>
<!-- Generated by org.testng.reporters.JUnitReportReporter -->
<testsuite skipped="0" hostname="LAPTOP-PK9P47OH" name="com.bosentan.qa.testcases.ClassificationPageFNRPTest" tests="1" failures="0" timestamp="05 Aug 2018 18:39:12 GMT" time="60.543" errors="0">
  <testcase name="PatientDetailsTest" time="60.543" classname="com.bosentan.qa.testcases.ClassificationPageFNRPTest"/>
</testsuite> <!-- com.bosentan.qa.testcases.ClassificationPageFNRPTest -->
