<?xml version="1.0" encoding="UTF-8"?>
<!-- Generated by org.testng.reporters.JUnitReportReporter -->
<testsuite skipped="0" hostname="LAPTOP-PK9P47OH" name="com.bosentan.qa.testcases.ClassificationPageTest" tests="1" failures="0" timestamp="05 Aug 2018 16:45:14 GMT" time="45.672" errors="0">
  <testcase name="PatientDetailsTest" time="45.672" classname="com.bosentan.qa.testcases.ClassificationPageTest"/>
</testsuite> <!-- com.bosentan.qa.testcases.ClassificationPageTest -->
