<?xml version="1.0" encoding="UTF-8"?>
<!-- Generated by org.testng.reporters.JUnitReportReporter -->
<testsuite skipped="0" hostname="LAPTOP-PK9P47OH" name="com.bosentan.qa.testcases.PatientAttestationPageTest" tests="1" failures="0" timestamp="05 Aug 2018 13:57:23 GMT" time="34.753" errors="0">
  <testcase name="PatientDetailsTest" time="34.753" classname="com.bosentan.qa.testcases.PatientAttestationPageTest"/>
</testsuite> <!-- com.bosentan.qa.testcases.PatientAttestationPageTest -->
