<?xml version="1.0" encoding="UTF-8"?>
<!-- Generated by org.testng.reporters.JUnitReportReporter -->
<testsuite skipped="0" hostname="LAPTOP-PK9P47OH" name="com.bosentan.qa.testcases.PatientIntakePageTest" tests="1" failures="0" timestamp="23 Jul 2018 18:15:59 GMT" time="28.221" errors="0">
  <testcase name="PatientDetailsTest" time="28.221" classname="com.bosentan.qa.testcases.PatientIntakePageTest"/>
</testsuite> <!-- com.bosentan.qa.testcases.PatientIntakePageTest -->
