<?xml version="1.0" encoding="UTF-8"?>
<!-- Generated by org.testng.reporters.JUnitReportReporter -->
<testsuite skipped="0" hostname="LAPTOP-PK9P47OH" name="com.bosentan.qa.testcases.PatientIntakePageTest" tests="2" failures="0" timestamp="05 Aug 2018 11:47:55 GMT" time="59.706" errors="0">
  <testcase name="validatePatientIntakeTitleTest" time="23.459" classname="com.bosentan.qa.testcases.PatientIntakePageTest"/>
  <testcase name="PatientDetailsTest" time="36.247" classname="com.bosentan.qa.testcases.PatientIntakePageTest"/>
</testsuite> <!-- com.bosentan.qa.testcases.PatientIntakePageTest -->
