<?xml version="1.0" encoding="UTF-8"?>
<!-- Generated by org.testng.reporters.JUnitReportReporter -->
<testsuite skipped="0" hostname="LAPTOP-PK9P47OH" name="com.bosentan.qa.testcases.LoginPageTest" tests="2" failures="0" timestamp="01 Aug 2018 16:41:29 GMT" time="58.292" errors="0">
  <testcase name="validateLoginPageTitleTest" time="33.610" classname="com.bosentan.qa.testcases.LoginPageTest"/>
  <testcase name="loginTest" time="24.682" classname="com.bosentan.qa.testcases.LoginPageTest"/>
</testsuite> <!-- com.bosentan.qa.testcases.LoginPageTest -->
