<?xml version="1.0" encoding="UTF-8"?>
<!-- Generated by org.testng.reporters.JUnitReportReporter -->
<testsuite skipped="0" hostname="LAPTOP-PK9P47OH" name="com.bosentan.qa.testcases.LoginPageTest" tests="1" failures="0" timestamp="21 Jul 2018 12:00:37 GMT" time="18.701" errors="0">
  <testcase name="loginTest" time="18.701" classname="com.bosentan.qa.testcases.LoginPageTest"/>
</testsuite> <!-- com.bosentan.qa.testcases.LoginPageTest -->
